<?xml version="1.0" encoding="UTF-8"?>
<!-- Generated by org.testng.reporters.JUnitXMLReporter -->
<testsuite hostname="PG014UCR" name="Default test" tests="13" failures="0" timestamp="21 Oct 2018 07:38:15 GMT" time="0.218" errors="0">
  <testcase name="@BeforeMethod getMethodName" time="0.0" classname="com.backbase.CreateNewComputerTestCases.Add_New_Computer_Functionality_TestCases">
    <failure type="org.testng.TestNGException" message="
Parameter &amp;apos;browserType&amp;apos; is required by @Configuration on method getMethodName but has not been marked @Optional or defined
in C:\Users\hiteshg\AppData\Local\Temp\testng-eclipse-1016439290\testng-customsuite.xml">
      <![CDATA[org.testng.TestNGException: 
Parameter 'browserType' is required by @Configuration on method getMethodName but has not been marked @Optional or defined
in C:\Users\hiteshg\AppData\Local\Temp\testng-eclipse-1016439290\testng-customsuite.xml
	at org.testng.internal.Parameters.createParameters(Parameters.java:155)
	at org.testng.internal.Parameters.createParameters(Parameters.java:355)
	at org.testng.internal.Parameters.createConfigurationParameters(Parameters.java:86)
	at org.testng.internal.Invoker.invokeConfigurations(Invoker.java:199)
	at org.testng.internal.Invoker.invokeMethod(Invoker.java:653)
	at org.testng.internal.Invoker.invokeTestMethod(Invoker.java:901)
	at org.testng.internal.Invoker.invokeTestMethods(Invoker.java:1231)
	at org.testng.internal.TestMethodWorker.invokeTestMethods(TestMethodWorker.java:127)
	at org.testng.internal.TestMethodWorker.run(TestMethodWorker.java:111)
	at org.testng.TestRunner.privateRun(TestRunner.java:767)
	at org.testng.TestRunner.run(TestRunner.java:617)
	at org.testng.SuiteRunner.runTest(SuiteRunner.java:334)
	at org.testng.SuiteRunner.runSequentially(SuiteRunner.java:329)
	at org.testng.SuiteRunner.privateRun(SuiteRunner.java:291)
	at org.testng.SuiteRunner.run(SuiteRunner.java:240)
	at org.testng.SuiteRunnerWorker.runSuite(SuiteRunnerWorker.java:52)
	at org.testng.SuiteRunnerWorker.run(SuiteRunnerWorker.java:86)
	at org.testng.TestNG.runSuitesSequentially(TestNG.java:1198)
	at org.testng.TestNG.runSuitesLocally(TestNG.java:1123)
	at org.testng.TestNG.run(TestNG.java:1031)
	at org.testng.remote.AbstractRemoteTestNG.run(AbstractRemoteTestNG.java:114)
	at org.testng.remote.RemoteTestNG.initAndRun(RemoteTestNG.java:251)
	at org.testng.remote.RemoteTestNG.main(RemoteTestNG.java:77)
]]>
    </failure>
  </testcase> <!-- @BeforeMethod getMethodName -->
  <testcase name="@AfterMethod afterEachTest" time="0.0" classname="com.backbase.CreateNewComputerTestCases.Add_New_Computer_Functionality_TestCases">
    <skipped/>
  </testcase> <!-- @AfterMethod afterEachTest -->
  <testcase name="@BeforeMethod getMethodName" time="0.0" classname="com.backbase.CreateNewComputerTestCases.Add_New_Computer_Functionality_TestCases">
    <skipped/>
  </testcase> <!-- @BeforeMethod getMethodName -->
  <testcase name="@AfterMethod afterEachTest" time="0.0" classname="com.backbase.CreateNewComputerTestCases.Add_New_Computer_Functionality_TestCases">
    <skipped/>
  </testcase> <!-- @AfterMethod afterEachTest -->
  <testcase name="@BeforeMethod getMethodName" time="0.0" classname="com.backbase.CreateNewComputerTestCases.Add_New_Computer_Functionality_TestCases">
    <skipped/>
  </testcase> <!-- @BeforeMethod getMethodName -->
  <testcase name="@AfterMethod afterEachTest" time="0.0" classname="com.backbase.CreateNewComputerTestCases.Add_New_Computer_Functionality_TestCases">
    <skipped/>
  </testcase> <!-- @AfterMethod afterEachTest -->
  <testcase name="@BeforeMethod getMethodName" time="0.0" classname="com.backbase.CreateNewComputerTestCases.Add_New_Computer_Functionality_TestCases">
    <skipped/>
  </testcase> <!-- @BeforeMethod getMethodName -->
  <testcase name="@AfterMethod afterEachTest" time="0.0" classname="com.backbase.CreateNewComputerTestCases.Add_New_Computer_Functionality_TestCases">
    <skipped/>
  </testcase> <!-- @AfterMethod afterEachTest -->
  <testcase name="@BeforeMethod getMethodName" time="0.0" classname="com.backbase.CreateNewComputerTestCases.Add_New_Computer_Functionality_TestCases">
    <skipped/>
  </testcase> <!-- @BeforeMethod getMethodName -->
  <testcase name="@AfterMethod afterEachTest" time="0.0" classname="com.backbase.CreateNewComputerTestCases.Add_New_Computer_Functionality_TestCases">
    <skipped/>
  </testcase> <!-- @AfterMethod afterEachTest -->
  <testcase name="@BeforeMethod getMethodName" time="0.0" classname="com.backbase.CreateNewComputerTestCases.Add_New_Computer_Functionality_TestCases">
    <skipped/>
  </testcase> <!-- @BeforeMethod getMethodName -->
  <testcase name="@AfterMethod afterEachTest" time="0.0" classname="com.backbase.CreateNewComputerTestCases.Add_New_Computer_Functionality_TestCases">
    <skipped/>
  </testcase> <!-- @AfterMethod afterEachTest -->
  <testcase name="@BeforeMethod getMethodName" time="0.0" classname="com.backbase.CreateNewComputerTestCases.Add_New_Computer_Functionality_TestCases">
    <skipped/>
  </testcase> <!-- @BeforeMethod getMethodName -->
  <testcase name="@AfterMethod afterEachTest" time="0.0" classname="com.backbase.CreateNewComputerTestCases.Add_New_Computer_Functionality_TestCases">
    <skipped/>
  </testcase> <!-- @AfterMethod afterEachTest -->
  <testcase name="@BeforeMethod getMethodName" time="0.0" classname="com.backbase.CreateNewComputerTestCases.Add_New_Computer_Functionality_TestCases">
    <skipped/>
  </testcase> <!-- @BeforeMethod getMethodName -->
  <testcase name="@AfterMethod afterEachTest" time="0.0" classname="com.backbase.CreateNewComputerTestCases.Add_New_Computer_Functionality_TestCases">
    <skipped/>
  </testcase> <!-- @AfterMethod afterEachTest -->
  <testcase name="@BeforeMethod getMethodName" time="0.0" classname="com.backbase.CreateNewComputerTestCases.Add_New_Computer_Functionality_TestCases">
    <skipped/>
  </testcase> <!-- @BeforeMethod getMethodName -->
  <testcase name="@AfterMethod afterEachTest" time="0.0" classname="com.backbase.CreateNewComputerTestCases.Add_New_Computer_Functionality_TestCases">
    <skipped/>
  </testcase> <!-- @AfterMethod afterEachTest -->
  <testcase name="@BeforeMethod getMethodName" time="0.0" classname="com.backbase.CreateNewComputerTestCases.Add_New_Computer_Functionality_TestCases">
    <skipped/>
  </testcase> <!-- @BeforeMethod getMethodName -->
  <testcase name="@AfterMethod afterEachTest" time="0.0" classname="com.backbase.CreateNewComputerTestCases.Add_New_Computer_Functionality_TestCases">
    <skipped/>
  </testcase> <!-- @AfterMethod afterEachTest -->
  <testcase name="@BeforeMethod getMethodName" time="0.0" classname="com.backbase.CreateNewComputerTestCases.Add_New_Computer_Functionality_TestCases">
    <skipped/>
  </testcase> <!-- @BeforeMethod getMethodName -->
  <testcase name="@AfterMethod afterEachTest" time="0.0" classname="com.backbase.CreateNewComputerTestCases.Add_New_Computer_Functionality_TestCases">
    <skipped/>
  </testcase> <!-- @AfterMethod afterEachTest -->
  <testcase name="@BeforeMethod getMethodName" time="0.0" classname="com.backbase.CreateNewComputerTestCases.Add_New_Computer_Functionality_TestCases">
    <skipped/>
  </testcase> <!-- @BeforeMethod getMethodName -->
  <testcase name="@AfterMethod afterEachTest" time="0.0" classname="com.backbase.CreateNewComputerTestCases.Add_New_Computer_Functionality_TestCases">
    <skipped/>
  </testcase> <!-- @AfterMethod afterEachTest -->
  <testcase name="TC_01_02_033_Verify_New_Computer_Addition_With_Valid_Data" time="0.016" classname="com.backbase.CreateNewComputerTestCases.Add_New_Computer_Functionality_TestCases">
    <skipped/>
  </testcase> <!-- TC_01_02_033_Verify_New_Computer_Addition_With_Valid_Data -->
  <testcase name="TC_005_New_Computer_Addition_New_Computer_Invalid_Introduced_Date_Format_Verification_Case1" time="0.008" classname="com.backbase.CreateNewComputerTestCases.Add_New_Computer_Functionality_TestCases">
    <skipped/>
  </testcase> <!-- TC_005_New_Computer_Addition_New_Computer_Invalid_Introduced_Date_Format_Verification_Case1 -->
  <testcase name="TC_006_New_Computer_Addition_New_Computer_Invalid_Introduced_Date_Format_Verification_Case2" time="0.005" classname="com.backbase.CreateNewComputerTestCases.Add_New_Computer_Functionality_TestCases">
    <skipped/>
  </testcase> <!-- TC_006_New_Computer_Addition_New_Computer_Invalid_Introduced_Date_Format_Verification_Case2 -->
  <testcase name="TC_007_New_Computer_Addition_New_Computer_Text_Data_In_Introduced_Date_Format_Verification" time="0.003" classname="com.backbase.CreateNewComputerTestCases.Add_New_Computer_Functionality_TestCases">
    <skipped/>
  </testcase> <!-- TC_007_New_Computer_Addition_New_Computer_Text_Data_In_Introduced_Date_Format_Verification -->
  <testcase name="TC_008_New_Computer_Addition_New_Computer_Invalid_Discontinued_Date_Format_Verification_Case1" time="0.003" classname="com.backbase.CreateNewComputerTestCases.Add_New_Computer_Functionality_TestCases">
    <skipped/>
  </testcase> <!-- TC_008_New_Computer_Addition_New_Computer_Invalid_Discontinued_Date_Format_Verification_Case1 -->
  <testcase name="TC_009_New_Computer_Addition_New_Computer_Invalid_Discontiuned_Date_Format_Verification_Case2" time="0.003" classname="com.backbase.CreateNewComputerTestCases.Add_New_Computer_Functionality_TestCases">
    <skipped/>
  </testcase> <!-- TC_009_New_Computer_Addition_New_Computer_Invalid_Discontiuned_Date_Format_Verification_Case2 -->
  <testcase name="TC_010_New_Computer_Addition_New_Computer_Text_Data_In_Discontinued_Date_Format_Verification" time="0.003" classname="com.backbase.CreateNewComputerTestCases.Add_New_Computer_Functionality_TestCases">
    <skipped/>
  </testcase> <!-- TC_010_New_Computer_Addition_New_Computer_Text_Data_In_Discontinued_Date_Format_Verification -->
  <testcase name="TC_011_New_Computer_Addition_New_Computer_Discontinued_Date_Less_than_Introduced_Date_Verification" time="0.005" classname="com.backbase.CreateNewComputerTestCases.Add_New_Computer_Functionality_TestCases">
    <skipped/>
  </testcase> <!-- TC_011_New_Computer_Addition_New_Computer_Discontinued_Date_Less_than_Introduced_Date_Verification -->
  <testcase name="TC_012_New_Computer_Addition_New_Computer_Leap_And_Non_Leap_Years_Date_Validation" time="0.002" classname="com.backbase.CreateNewComputerTestCases.Add_New_Computer_Functionality_TestCases">
    <skipped/>
  </testcase> <!-- TC_012_New_Computer_Addition_New_Computer_Leap_And_Non_Leap_Years_Date_Validation -->
  <testcase name="TC_013_Verify_New_Computer_Addition_With_Leap_Years" time="0.002" classname="com.backbase.CreateNewComputerTestCases.Add_New_Computer_Functionality_TestCases">
    <skipped/>
  </testcase> <!-- TC_013_Verify_New_Computer_Addition_With_Leap_Years -->
  <testcase name="TC_014_Verify_New_Computer_Addition_With_Incorrect_Month_Ending_Dates" time="0.001" classname="com.backbase.CreateNewComputerTestCases.Add_New_Computer_Functionality_TestCases">
    <skipped/>
  </testcase> <!-- TC_014_Verify_New_Computer_Addition_With_Incorrect_Month_Ending_Dates -->
  <testcase name="TC_015_New_Computer_Addition_Click_Cancel_Btn_Verification" time="0.004" classname="com.backbase.CreateNewComputerTestCases.Add_New_Computer_Functionality_TestCases">
    <skipped/>
  </testcase> <!-- TC_015_New_Computer_Addition_Click_Cancel_Btn_Verification -->
  <testcase name="TC_016_New_Computer_Addition_Click_Sample_Application_Link_Displays_Home_Page_Verification" time="0.002" classname="com.backbase.CreateNewComputerTestCases.Add_New_Computer_Functionality_TestCases">
    <skipped/>
  </testcase> <!-- TC_016_New_Computer_Addition_Click_Sample_Application_Link_Displays_Home_Page_Verification -->
</testsuite> <!-- Default test -->
