<html>
<head>
<title>TestNG:  Default test</title>
<link href="../testng.css" rel="stylesheet" type="text/css" />
<link href="../my-testng.css" rel="stylesheet" type="text/css" />

<style type="text/css">
.log { display: none;} 
.stack-trace { display: none;} 
</style>
<script type="text/javascript">
<!--
function flip(e) {
  current = e.style.display;
  if (current == 'block') {
    e.style.display = 'none';
    return 0;
  }
  else {
    e.style.display = 'block';
    return 1;
  }
}

function toggleBox(szDivId, elem, msg1, msg2)
{
  var res = -1;  if (document.getElementById) {
    res = flip(document.getElementById(szDivId));
  }
  else if (document.all) {
    // this is the way old msie versions work
    res = flip(document.all[szDivId]);
  }
  if(elem) {
    if(res == 0) elem.innerHTML = msg1; else elem.innerHTML = msg2;
  }

}

function toggleAllBoxes() {
  if (document.getElementsByTagName) {
    d = document.getElementsByTagName('div');
    for (i = 0; i < d.length; i++) {
      if (d[i].className == 'log') {
        flip(d[i]);
      }
    }
  }
}

// -->
</script>

</head>
<body>
<h2 align='center'>Default test</h2><table border='1' align="center">
<tr>
<td>Tests passed/Failed/Skipped:</td><td>0/1/12</td>
</tr><tr>
<td>Started on:</td><td>Sun Oct 21 00:38:15 PDT 2018</td>
</tr>
<tr><td>Total time:</td><td>0 seconds (218 ms)</td>
</tr><tr>
<td>Included groups:</td><td></td>
</tr><tr>
<td>Excluded groups:</td><td></td>
</tr>
</table><p/>
<small><i>(Hover the method name to see the test class name)</i></small><p/>
<table width='100%' border='1' class='invocation-failed'>
<tr><td colspan='4' align='center'><b>FAILED CONFIGURATIONS</b></td></tr>
<tr><td><b>Test method</b></td>
<td width="30%"><b>Exception</b></td>
<td width="10%"><b>Time (seconds)</b></td>
<td><b>Instance</b></td>
</tr>
<tr>
<td title='com.backbase.CreateNewComputerTestCases.Add_New_Computer_Functionality_TestCases.getMethodName()'><b>getMethodName</b><br>Test class: com.backbase.CreateNewComputerTestCases.Add_New_Computer_Functionality_TestCases</td>
<td><div><pre>org.testng.TestNGException: 
Parameter &apos;browserType&apos; is required by @Configuration on method getMethodName but has not been marked @Optional or defined
in C:\Users\hiteshg\AppData\Local\Temp\testng-eclipse-1016439290\testng-customsuite.xml
	at org.testng.internal.Parameters.createParameters(Parameters.java:155)
	at org.testng.internal.Parameters.createParameters(Parameters.java:355)
	at org.testng.internal.Parameters.createConfigurationParameters(Parameters.java:86)
	at org.testng.internal.Invoker.invokeConfigurations(Invoker.java:199)
	at org.testng.internal.Invoker.invokeMethod(Invoker.java:653)
	at org.testng.internal.Invoker.invokeTestMethod(Invoker.java:901)
	at org.testng.internal.Invoker.invokeTestMethods(Invoker.java:1231)
	at org.testng.internal.TestMethodWorker.invokeTestMethods(TestMethodWorker.java:127)
	at org.testng.internal.TestMethodWorker.run(TestMethodWorker.java:111)
	at org.testng.TestRunner.privateRun(TestRunner.java:767)
	at org.testng.TestRunner.run(TestRunner.java:617)
	at org.testng.SuiteRunner.runTest(SuiteRunner.java:334)
	at org.testng.SuiteRunner.runSequentially(SuiteRunner.java:329)
	at org.testng.SuiteRunner.privateRun(SuiteRunner.java:291)
	at org.testng.SuiteRunner.run(SuiteRunner.java:240)
	at org.testng.SuiteRunnerWorker.runSuite(SuiteRunnerWorker.java:52)
	at org.testng.SuiteRunnerWorker.run(SuiteRunnerWorker.java:86)
	at org.testng.TestNG.runSuitesSequentially(TestNG.java:1198)
	at org.testng.TestNG.runSuitesLocally(TestNG.java:1123)
	at org.testng.TestNG.run(TestNG.java:1031)
	at org.testng.remote.AbstractRemoteTestNG.run(AbstractRemoteTestNG.java:114)
	at org.testng.remote.RemoteTestNG.initAndRun(RemoteTestNG.java:251)
	at org.testng.remote.RemoteTestNG.main(RemoteTestNG.java:77)
</pre></div><a href='#' onClick='toggleBox("stack-trace135640095", this, "Click to show all stack frames", "Click to hide stack frames")'>Click to show all stack frames</a>
<div class='stack-trace' id='stack-trace135640095'><pre>org.testng.TestNGException: 
Parameter &apos;browserType&apos; is required by @Configuration on method getMethodName but has not been marked @Optional or defined
in C:\Users\hiteshg\AppData\Local\Temp\testng-eclipse-1016439290\testng-customsuite.xml
	at org.testng.internal.Parameters.createParameters(Parameters.java:155)
	at org.testng.internal.Parameters.createParameters(Parameters.java:355)
	at org.testng.internal.Parameters.createConfigurationParameters(Parameters.java:86)
	at org.testng.internal.Invoker.invokeConfigurations(Invoker.java:199)
	at org.testng.internal.Invoker.invokeMethod(Invoker.java:653)
	at org.testng.internal.Invoker.invokeTestMethod(Invoker.java:901)
	at org.testng.internal.Invoker.invokeTestMethods(Invoker.java:1231)
	at org.testng.internal.TestMethodWorker.invokeTestMethods(TestMethodWorker.java:127)
	at org.testng.internal.TestMethodWorker.run(TestMethodWorker.java:111)
	at org.testng.TestRunner.privateRun(TestRunner.java:767)
	at org.testng.TestRunner.run(TestRunner.java:617)
	at org.testng.SuiteRunner.runTest(SuiteRunner.java:334)
	at org.testng.SuiteRunner.runSequentially(SuiteRunner.java:329)
	at org.testng.SuiteRunner.privateRun(SuiteRunner.java:291)
	at org.testng.SuiteRunner.run(SuiteRunner.java:240)
	at org.testng.SuiteRunnerWorker.runSuite(SuiteRunnerWorker.java:52)
	at org.testng.SuiteRunnerWorker.run(SuiteRunnerWorker.java:86)
	at org.testng.TestNG.runSuitesSequentially(TestNG.java:1198)
	at org.testng.TestNG.runSuitesLocally(TestNG.java:1123)
	at org.testng.TestNG.run(TestNG.java:1031)
	at org.testng.remote.AbstractRemoteTestNG.run(AbstractRemoteTestNG.java:114)
	at org.testng.remote.RemoteTestNG.initAndRun(RemoteTestNG.java:251)
	at org.testng.remote.RemoteTestNG.main(RemoteTestNG.java:77)
</pre></div></td>
<td>0</td>
<td>com.backbase.CreateNewComputerTestCases.Add_New_Computer_Functionality_TestCases@6d763516</td></tr>
</table><p>
<table width='100%' border='1' class='invocation-skipped'>
<tr><td colspan='4' align='center'><b>SKIPPED CONFIGURATIONS</b></td></tr>
<tr><td><b>Test method</b></td>
<td width="30%"><b>Exception</b></td>
<td width="10%"><b>Time (seconds)</b></td>
<td><b>Instance</b></td>
</tr>
<tr>
<td title='com.backbase.CreateNewComputerTestCases.Add_New_Computer_Functionality_TestCases.getMethodName()'><b>getMethodName</b><br>Test class: com.backbase.CreateNewComputerTestCases.Add_New_Computer_Functionality_TestCases</td>
<td></td>
<td>0</td>
<td>com.backbase.CreateNewComputerTestCases.Add_New_Computer_Functionality_TestCases@6d763516</td></tr>
<tr>
<td title='com.backbase.CreateNewComputerTestCases.Add_New_Computer_Functionality_TestCases.getMethodName()'><b>getMethodName</b><br>Test class: com.backbase.CreateNewComputerTestCases.Add_New_Computer_Functionality_TestCases</td>
<td></td>
<td>0</td>
<td>com.backbase.CreateNewComputerTestCases.Add_New_Computer_Functionality_TestCases@6d763516</td></tr>
<tr>
<td title='com.backbase.CreateNewComputerTestCases.Add_New_Computer_Functionality_TestCases.getMethodName()'><b>getMethodName</b><br>Test class: com.backbase.CreateNewComputerTestCases.Add_New_Computer_Functionality_TestCases</td>
<td></td>
<td>0</td>
<td>com.backbase.CreateNewComputerTestCases.Add_New_Computer_Functionality_TestCases@6d763516</td></tr>
<tr>
<td title='com.backbase.CreateNewComputerTestCases.Add_New_Computer_Functionality_TestCases.getMethodName()'><b>getMethodName</b><br>Test class: com.backbase.CreateNewComputerTestCases.Add_New_Computer_Functionality_TestCases</td>
<td></td>
<td>0</td>
<td>com.backbase.CreateNewComputerTestCases.Add_New_Computer_Functionality_TestCases@6d763516</td></tr>
<tr>
<td title='com.backbase.CreateNewComputerTestCases.Add_New_Computer_Functionality_TestCases.getMethodName()'><b>getMethodName</b><br>Test class: com.backbase.CreateNewComputerTestCases.Add_New_Computer_Functionality_TestCases</td>
<td></td>
<td>0</td>
<td>com.backbase.CreateNewComputerTestCases.Add_New_Computer_Functionality_TestCases@6d763516</td></tr>
<tr>
<td title='com.backbase.CreateNewComputerTestCases.Add_New_Computer_Functionality_TestCases.getMethodName()'><b>getMethodName</b><br>Test class: com.backbase.CreateNewComputerTestCases.Add_New_Computer_Functionality_TestCases</td>
<td></td>
<td>0</td>
<td>com.backbase.CreateNewComputerTestCases.Add_New_Computer_Functionality_TestCases@6d763516</td></tr>
<tr>
<td title='com.backbase.CreateNewComputerTestCases.Add_New_Computer_Functionality_TestCases.getMethodName()'><b>getMethodName</b><br>Test class: com.backbase.CreateNewComputerTestCases.Add_New_Computer_Functionality_TestCases</td>
<td></td>
<td>0</td>
<td>com.backbase.CreateNewComputerTestCases.Add_New_Computer_Functionality_TestCases@6d763516</td></tr>
<tr>
<td title='com.backbase.CreateNewComputerTestCases.Add_New_Computer_Functionality_TestCases.getMethodName()'><b>getMethodName</b><br>Test class: com.backbase.CreateNewComputerTestCases.Add_New_Computer_Functionality_TestCases</td>
<td></td>
<td>0</td>
<td>com.backbase.CreateNewComputerTestCases.Add_New_Computer_Functionality_TestCases@6d763516</td></tr>
<tr>
<td title='com.backbase.CreateNewComputerTestCases.Add_New_Computer_Functionality_TestCases.getMethodName()'><b>getMethodName</b><br>Test class: com.backbase.CreateNewComputerTestCases.Add_New_Computer_Functionality_TestCases</td>
<td></td>
<td>0</td>
<td>com.backbase.CreateNewComputerTestCases.Add_New_Computer_Functionality_TestCases@6d763516</td></tr>
<tr>
<td title='com.backbase.CreateNewComputerTestCases.Add_New_Computer_Functionality_TestCases.getMethodName()'><b>getMethodName</b><br>Test class: com.backbase.CreateNewComputerTestCases.Add_New_Computer_Functionality_TestCases</td>
<td></td>
<td>0</td>
<td>com.backbase.CreateNewComputerTestCases.Add_New_Computer_Functionality_TestCases@6d763516</td></tr>
<tr>
<td title='com.backbase.CreateNewComputerTestCases.Add_New_Computer_Functionality_TestCases.getMethodName()'><b>getMethodName</b><br>Test class: com.backbase.CreateNewComputerTestCases.Add_New_Computer_Functionality_TestCases</td>
<td></td>
<td>0</td>
<td>com.backbase.CreateNewComputerTestCases.Add_New_Computer_Functionality_TestCases@6d763516</td></tr>
<tr>
<td title='com.backbase.CreateNewComputerTestCases.Add_New_Computer_Functionality_TestCases.afterEachTest()'><b>afterEachTest</b><br>Test class: com.backbase.CreateNewComputerTestCases.Add_New_Computer_Functionality_TestCases</td>
<td></td>
<td>0</td>
<td>com.backbase.CreateNewComputerTestCases.Add_New_Computer_Functionality_TestCases@6d763516</td></tr>
<tr>
<td title='com.backbase.CreateNewComputerTestCases.Add_New_Computer_Functionality_TestCases.afterEachTest()'><b>afterEachTest</b><br>Test class: com.backbase.CreateNewComputerTestCases.Add_New_Computer_Functionality_TestCases</td>
<td></td>
<td>0</td>
<td>com.backbase.CreateNewComputerTestCases.Add_New_Computer_Functionality_TestCases@6d763516</td></tr>
<tr>
<td title='com.backbase.CreateNewComputerTestCases.Add_New_Computer_Functionality_TestCases.afterEachTest()'><b>afterEachTest</b><br>Test class: com.backbase.CreateNewComputerTestCases.Add_New_Computer_Functionality_TestCases</td>
<td></td>
<td>0</td>
<td>com.backbase.CreateNewComputerTestCases.Add_New_Computer_Functionality_TestCases@6d763516</td></tr>
<tr>
<td title='com.backbase.CreateNewComputerTestCases.Add_New_Computer_Functionality_TestCases.afterEachTest()'><b>afterEachTest</b><br>Test class: com.backbase.CreateNewComputerTestCases.Add_New_Computer_Functionality_TestCases</td>
<td></td>
<td>0</td>
<td>com.backbase.CreateNewComputerTestCases.Add_New_Computer_Functionality_TestCases@6d763516</td></tr>
<tr>
<td title='com.backbase.CreateNewComputerTestCases.Add_New_Computer_Functionality_TestCases.afterEachTest()'><b>afterEachTest</b><br>Test class: com.backbase.CreateNewComputerTestCases.Add_New_Computer_Functionality_TestCases</td>
<td></td>
<td>0</td>
<td>com.backbase.CreateNewComputerTestCases.Add_New_Computer_Functionality_TestCases@6d763516</td></tr>
<tr>
<td title='com.backbase.CreateNewComputerTestCases.Add_New_Computer_Functionality_TestCases.afterEachTest()'><b>afterEachTest</b><br>Test class: com.backbase.CreateNewComputerTestCases.Add_New_Computer_Functionality_TestCases</td>
<td></td>
<td>0</td>
<td>com.backbase.CreateNewComputerTestCases.Add_New_Computer_Functionality_TestCases@6d763516</td></tr>
<tr>
<td title='com.backbase.CreateNewComputerTestCases.Add_New_Computer_Functionality_TestCases.afterEachTest()'><b>afterEachTest</b><br>Test class: com.backbase.CreateNewComputerTestCases.Add_New_Computer_Functionality_TestCases</td>
<td></td>
<td>0</td>
<td>com.backbase.CreateNewComputerTestCases.Add_New_Computer_Functionality_TestCases@6d763516</td></tr>
<tr>
<td title='com.backbase.CreateNewComputerTestCases.Add_New_Computer_Functionality_TestCases.afterEachTest()'><b>afterEachTest</b><br>Test class: com.backbase.CreateNewComputerTestCases.Add_New_Computer_Functionality_TestCases</td>
<td></td>
<td>0</td>
<td>com.backbase.CreateNewComputerTestCases.Add_New_Computer_Functionality_TestCases@6d763516</td></tr>
<tr>
<td title='com.backbase.CreateNewComputerTestCases.Add_New_Computer_Functionality_TestCases.afterEachTest()'><b>afterEachTest</b><br>Test class: com.backbase.CreateNewComputerTestCases.Add_New_Computer_Functionality_TestCases</td>
<td></td>
<td>0</td>
<td>com.backbase.CreateNewComputerTestCases.Add_New_Computer_Functionality_TestCases@6d763516</td></tr>
<tr>
<td title='com.backbase.CreateNewComputerTestCases.Add_New_Computer_Functionality_TestCases.afterEachTest()'><b>afterEachTest</b><br>Test class: com.backbase.CreateNewComputerTestCases.Add_New_Computer_Functionality_TestCases</td>
<td></td>
<td>0</td>
<td>com.backbase.CreateNewComputerTestCases.Add_New_Computer_Functionality_TestCases@6d763516</td></tr>
<tr>
<td title='com.backbase.CreateNewComputerTestCases.Add_New_Computer_Functionality_TestCases.afterEachTest()'><b>afterEachTest</b><br>Test class: com.backbase.CreateNewComputerTestCases.Add_New_Computer_Functionality_TestCases</td>
<td></td>
<td>0</td>
<td>com.backbase.CreateNewComputerTestCases.Add_New_Computer_Functionality_TestCases@6d763516</td></tr>
<tr>
<td title='com.backbase.CreateNewComputerTestCases.Add_New_Computer_Functionality_TestCases.afterEachTest()'><b>afterEachTest</b><br>Test class: com.backbase.CreateNewComputerTestCases.Add_New_Computer_Functionality_TestCases</td>
<td></td>
<td>0</td>
<td>com.backbase.CreateNewComputerTestCases.Add_New_Computer_Functionality_TestCases@6d763516</td></tr>
</table><p>
<table width='100%' border='1' class='invocation-skipped'>
<tr><td colspan='4' align='center'><b>SKIPPED TESTS</b></td></tr>
<tr><td><b>Test method</b></td>
<td width="30%"><b>Exception</b></td>
<td width="10%"><b>Time (seconds)</b></td>
<td><b>Instance</b></td>
</tr>
<tr>
<td title='com.backbase.CreateNewComputerTestCases.Add_New_Computer_Functionality_TestCases.TC_005_New_Computer_Addition_New_Computer_Invalid_Introduced_Date_Format_Verification_Case1()'><b>TC_005_New_Computer_Addition_New_Computer_Invalid_Introduced_Date_Format_Verification_Case1</b><br>Test class: com.backbase.CreateNewComputerTestCases.Add_New_Computer_Functionality_TestCases</td>
<td></td>
<td>0</td>
<td>com.backbase.CreateNewComputerTestCases.Add_New_Computer_Functionality_TestCases@6d763516</td></tr>
<tr>
<td title='com.backbase.CreateNewComputerTestCases.Add_New_Computer_Functionality_TestCases.TC_006_New_Computer_Addition_New_Computer_Invalid_Introduced_Date_Format_Verification_Case2()'><b>TC_006_New_Computer_Addition_New_Computer_Invalid_Introduced_Date_Format_Verification_Case2</b><br>Test class: com.backbase.CreateNewComputerTestCases.Add_New_Computer_Functionality_TestCases</td>
<td></td>
<td>0</td>
<td>com.backbase.CreateNewComputerTestCases.Add_New_Computer_Functionality_TestCases@6d763516</td></tr>
<tr>
<td title='com.backbase.CreateNewComputerTestCases.Add_New_Computer_Functionality_TestCases.TC_007_New_Computer_Addition_New_Computer_Text_Data_In_Introduced_Date_Format_Verification()'><b>TC_007_New_Computer_Addition_New_Computer_Text_Data_In_Introduced_Date_Format_Verification</b><br>Test class: com.backbase.CreateNewComputerTestCases.Add_New_Computer_Functionality_TestCases</td>
<td></td>
<td>0</td>
<td>com.backbase.CreateNewComputerTestCases.Add_New_Computer_Functionality_TestCases@6d763516</td></tr>
<tr>
<td title='com.backbase.CreateNewComputerTestCases.Add_New_Computer_Functionality_TestCases.TC_008_New_Computer_Addition_New_Computer_Invalid_Discontinued_Date_Format_Verification_Case1()'><b>TC_008_New_Computer_Addition_New_Computer_Invalid_Discontinued_Date_Format_Verification_Case1</b><br>Test class: com.backbase.CreateNewComputerTestCases.Add_New_Computer_Functionality_TestCases</td>
<td></td>
<td>0</td>
<td>com.backbase.CreateNewComputerTestCases.Add_New_Computer_Functionality_TestCases@6d763516</td></tr>
<tr>
<td title='com.backbase.CreateNewComputerTestCases.Add_New_Computer_Functionality_TestCases.TC_009_New_Computer_Addition_New_Computer_Invalid_Discontiuned_Date_Format_Verification_Case2()'><b>TC_009_New_Computer_Addition_New_Computer_Invalid_Discontiuned_Date_Format_Verification_Case2</b><br>Test class: com.backbase.CreateNewComputerTestCases.Add_New_Computer_Functionality_TestCases</td>
<td></td>
<td>0</td>
<td>com.backbase.CreateNewComputerTestCases.Add_New_Computer_Functionality_TestCases@6d763516</td></tr>
<tr>
<td title='com.backbase.CreateNewComputerTestCases.Add_New_Computer_Functionality_TestCases.TC_010_New_Computer_Addition_New_Computer_Text_Data_In_Discontinued_Date_Format_Verification()'><b>TC_010_New_Computer_Addition_New_Computer_Text_Data_In_Discontinued_Date_Format_Verification</b><br>Test class: com.backbase.CreateNewComputerTestCases.Add_New_Computer_Functionality_TestCases</td>
<td></td>
<td>0</td>
<td>com.backbase.CreateNewComputerTestCases.Add_New_Computer_Functionality_TestCases@6d763516</td></tr>
<tr>
<td title='com.backbase.CreateNewComputerTestCases.Add_New_Computer_Functionality_TestCases.TC_011_New_Computer_Addition_New_Computer_Discontinued_Date_Less_than_Introduced_Date_Verification()'><b>TC_011_New_Computer_Addition_New_Computer_Discontinued_Date_Less_than_Introduced_Date_Verification</b><br>Test class: com.backbase.CreateNewComputerTestCases.Add_New_Computer_Functionality_TestCases</td>
<td></td>
<td>0</td>
<td>com.backbase.CreateNewComputerTestCases.Add_New_Computer_Functionality_TestCases@6d763516</td></tr>
<tr>
<td title='com.backbase.CreateNewComputerTestCases.Add_New_Computer_Functionality_TestCases.TC_012_New_Computer_Addition_New_Computer_Leap_And_Non_Leap_Years_Date_Validation()'><b>TC_012_New_Computer_Addition_New_Computer_Leap_And_Non_Leap_Years_Date_Validation</b><br>Test class: com.backbase.CreateNewComputerTestCases.Add_New_Computer_Functionality_TestCases</td>
<td></td>
<td>0</td>
<td>com.backbase.CreateNewComputerTestCases.Add_New_Computer_Functionality_TestCases@6d763516</td></tr>
<tr>
<td title='com.backbase.CreateNewComputerTestCases.Add_New_Computer_Functionality_TestCases.TC_013_Verify_New_Computer_Addition_With_Leap_Years()'><b>TC_013_Verify_New_Computer_Addition_With_Leap_Years</b><br>Test class: com.backbase.CreateNewComputerTestCases.Add_New_Computer_Functionality_TestCases</td>
<td></td>
<td>0</td>
<td>com.backbase.CreateNewComputerTestCases.Add_New_Computer_Functionality_TestCases@6d763516</td></tr>
<tr>
<td title='com.backbase.CreateNewComputerTestCases.Add_New_Computer_Functionality_TestCases.TC_014_Verify_New_Computer_Addition_With_Incorrect_Month_Ending_Dates()'><b>TC_014_Verify_New_Computer_Addition_With_Incorrect_Month_Ending_Dates</b><br>Test class: com.backbase.CreateNewComputerTestCases.Add_New_Computer_Functionality_TestCases</td>
<td></td>
<td>0</td>
<td>com.backbase.CreateNewComputerTestCases.Add_New_Computer_Functionality_TestCases@6d763516</td></tr>
<tr>
<td title='com.backbase.CreateNewComputerTestCases.Add_New_Computer_Functionality_TestCases.TC_015_New_Computer_Addition_Click_Cancel_Btn_Verification()'><b>TC_015_New_Computer_Addition_Click_Cancel_Btn_Verification</b><br>Test class: com.backbase.CreateNewComputerTestCases.Add_New_Computer_Functionality_TestCases</td>
<td></td>
<td>0</td>
<td>com.backbase.CreateNewComputerTestCases.Add_New_Computer_Functionality_TestCases@6d763516</td></tr>
<tr>
<td title='com.backbase.CreateNewComputerTestCases.Add_New_Computer_Functionality_TestCases.TC_016_New_Computer_Addition_Click_Sample_Application_Link_Displays_Home_Page_Verification()'><b>TC_016_New_Computer_Addition_Click_Sample_Application_Link_Displays_Home_Page_Verification</b><br>Test class: com.backbase.CreateNewComputerTestCases.Add_New_Computer_Functionality_TestCases</td>
<td></td>
<td>0</td>
<td>com.backbase.CreateNewComputerTestCases.Add_New_Computer_Functionality_TestCases@6d763516</td></tr>
<tr>
<td title='com.backbase.CreateNewComputerTestCases.Add_New_Computer_Functionality_TestCases.TC_01_02_033_Verify_New_Computer_Addition_With_Valid_Data()'><b>TC_01_02_033_Verify_New_Computer_Addition_With_Valid_Data</b><br>Test class: com.backbase.CreateNewComputerTestCases.Add_New_Computer_Functionality_TestCases</td>
<td><div><pre>org.testng.TestNGException: 
DataProvider should be static: public java.lang.Object[][] com.backbase.utilLibrary.DataProviderRepository.getNewCompData2()
	at org.testng.internal.Parameters.findDataProvider(Parameters.java:328)
	at org.testng.internal.Parameters.findDataProvider(Parameters.java:262)
	at org.testng.internal.Parameters.handleParameters(Parameters.java:414)
	at org.testng.internal.Invoker.handleParameters(Invoker.java:1383)
	at org.testng.internal.Invoker.createParameters(Invoker.java:1075)
	at org.testng.internal.Invoker.invokeTestMethods(Invoker.java:1180)
	at org.testng.internal.TestMethodWorker.invokeTestMethods(TestMethodWorker.java:127)
	at org.testng.internal.TestMethodWorker.run(TestMethodWorker.java:111)
	at org.testng.TestRunner.privateRun(TestRunner.java:767)
	at org.testng.TestRunner.run(TestRunner.java:617)
	at org.testng.SuiteRunner.runTest(SuiteRunner.java:334)
	at org.testng.SuiteRunner.runSequentially(SuiteRunner.java:329)
	at org.testng.SuiteRunner.privateRun(SuiteRunner.java:291)
	at org.testng.SuiteRunner.run(SuiteRunner.java:240)
	at org.testng.SuiteRunnerWorker.runSuite(SuiteRunnerWorker.java:52)
	at org.testng.SuiteRunnerWorker.run(SuiteRunnerWorker.java:86)
	at org.testng.TestNG.runSuitesSequentially(TestNG.java:1198)
	at org.testng.TestNG.runSuitesLocally(TestNG.java:1123)
	at org.testng.TestNG.run(TestNG.java:1031)
	at org.testng.remote.AbstractRemoteTestNG.run(AbstractRemoteTestNG.java:114)
	at org.testng.remote.RemoteTestNG.initAndRun(RemoteTestNG.java:251)
	at org.testng.remote.RemoteTestNG.main(RemoteTestNG.java:77)
</pre></div><a href='#' onClick='toggleBox("stack-trace1816147548", this, "Click to show all stack frames", "Click to hide stack frames")'>Click to show all stack frames</a>
<div class='stack-trace' id='stack-trace1816147548'><pre>org.testng.TestNGException: 
DataProvider should be static: public java.lang.Object[][] com.backbase.utilLibrary.DataProviderRepository.getNewCompData2()
	at org.testng.internal.Parameters.findDataProvider(Parameters.java:328)
	at org.testng.internal.Parameters.findDataProvider(Parameters.java:262)
	at org.testng.internal.Parameters.handleParameters(Parameters.java:414)
	at org.testng.internal.Invoker.handleParameters(Invoker.java:1383)
	at org.testng.internal.Invoker.createParameters(Invoker.java:1075)
	at org.testng.internal.Invoker.invokeTestMethods(Invoker.java:1180)
	at org.testng.internal.TestMethodWorker.invokeTestMethods(TestMethodWorker.java:127)
	at org.testng.internal.TestMethodWorker.run(TestMethodWorker.java:111)
	at org.testng.TestRunner.privateRun(TestRunner.java:767)
	at org.testng.TestRunner.run(TestRunner.java:617)
	at org.testng.SuiteRunner.runTest(SuiteRunner.java:334)
	at org.testng.SuiteRunner.runSequentially(SuiteRunner.java:329)
	at org.testng.SuiteRunner.privateRun(SuiteRunner.java:291)
	at org.testng.SuiteRunner.run(SuiteRunner.java:240)
	at org.testng.SuiteRunnerWorker.runSuite(SuiteRunnerWorker.java:52)
	at org.testng.SuiteRunnerWorker.run(SuiteRunnerWorker.java:86)
	at org.testng.TestNG.runSuitesSequentially(TestNG.java:1198)
	at org.testng.TestNG.runSuitesLocally(TestNG.java:1123)
	at org.testng.TestNG.run(TestNG.java:1031)
	at org.testng.remote.AbstractRemoteTestNG.run(AbstractRemoteTestNG.java:114)
	at org.testng.remote.RemoteTestNG.initAndRun(RemoteTestNG.java:251)
	at org.testng.remote.RemoteTestNG.main(RemoteTestNG.java:77)
</pre></div></td>
<td>0</td>
<td>com.backbase.CreateNewComputerTestCases.Add_New_Computer_Functionality_TestCases@6d763516</td></tr>
</table><p>
</body>
</html>